{
  "@timestamp" : "2024-02-07T19:59:31.807+09:00",
  "@version" : "1",
  "message" : "HV000001: Hibernate Validator 8.0.1.Final",
  "logger_name" : "org.hibernate.validator.internal.util.Version",
  "thread_name" : "background-preinit",
  "level" : "INFO",
  "level_value" : 20000
}
{
  "@timestamp" : "2024-02-07T19:59:31.862+09:00",
  "@version" : "1",
  "message" : "Starting LibraryReservationApplication using Java 17.0.8.1 with PID 13008 (D:\\새 폴더 (12)\\LibraryReservation\\build\\classes\\java\\main started by pwy96 in D:\\새 폴더 (12)\\LibraryReservation)",
  "logger_name" : "com.example.libraryreservation.LibraryReservationApplication",
  "thread_name" : "main",
  "level" : "INFO",
  "level_value" : 20000
}
{
  "@timestamp" : "2024-02-07T19:59:31.863+09:00",
  "@version" : "1",
  "message" : "The following 3 profiles are active: \"db\", \"auth\", \"local\"",
  "logger_name" : "com.example.libraryreservation.LibraryReservationApplication",
  "thread_name" : "main",
  "level" : "INFO",
  "level_value" : 20000
}
{
  "@timestamp" : "2024-02-07T19:59:32.116+09:00",
  "@version" : "1",
  "message" : "Bootstrapping Spring Data MongoDB repositories in DEFAULT mode.",
  "logger_name" : "org.springframework.data.repository.config.RepositoryConfigurationDelegate",
  "thread_name" : "main",
  "level" : "INFO",
  "level_value" : 20000
}
{
  "@timestamp" : "2024-02-07T19:59:32.147+09:00",
  "@version" : "1",
  "message" : "Finished Spring Data repository scanning in 27 ms. Found 3 MongoDB repository interfaces.",
  "logger_name" : "org.springframework.data.repository.config.RepositoryConfigurationDelegate",
  "thread_name" : "main",
  "level" : "INFO",
  "level_value" : 20000
}
{
  "@timestamp" : "2024-02-07T19:59:32.494+09:00",
  "@version" : "1",
  "message" : "Tomcat initialized with port 8080 (http)",
  "logger_name" : "org.springframework.boot.web.embedded.tomcat.TomcatWebServer",
  "thread_name" : "main",
  "level" : "INFO",
  "level_value" : 20000
}
{
  "@timestamp" : "2024-02-07T19:59:32.498+09:00",
  "@version" : "1",
  "message" : "Initializing ProtocolHandler [\"http-nio-8080\"]",
  "logger_name" : "org.apache.coyote.http11.Http11NioProtocol",
  "thread_name" : "main",
  "level" : "INFO",
  "level_value" : 20000
}
{
  "@timestamp" : "2024-02-07T19:59:32.499+09:00",
  "@version" : "1",
  "message" : "Starting service [Tomcat]",
  "logger_name" : "org.apache.catalina.core.StandardService",
  "thread_name" : "main",
  "level" : "INFO",
  "level_value" : 20000
}
{
  "@timestamp" : "2024-02-07T19:59:32.499+09:00",
  "@version" : "1",
  "message" : "Starting Servlet engine: [Apache Tomcat/10.1.16]",
  "logger_name" : "org.apache.catalina.core.StandardEngine",
  "thread_name" : "main",
  "level" : "INFO",
  "level_value" : 20000
}
{
  "@timestamp" : "2024-02-07T19:59:32.532+09:00",
  "@version" : "1",
  "message" : "Initializing Spring embedded WebApplicationContext",
  "logger_name" : "org.apache.catalina.core.ContainerBase.[Tomcat].[localhost].[/]",
  "thread_name" : "main",
  "level" : "INFO",
  "level_value" : 20000
}
{
  "@timestamp" : "2024-02-07T19:59:32.532+09:00",
  "@version" : "1",
  "message" : "Root WebApplicationContext: initialization completed in 639 ms",
  "logger_name" : "org.springframework.boot.web.servlet.context.ServletWebServerApplicationContext",
  "thread_name" : "main",
  "level" : "INFO",
  "level_value" : 20000
}
{
  "@timestamp" : "2024-02-07T19:59:32.648+09:00",
  "@version" : "1",
  "message" : "MongoClient with metadata {\"driver\": {\"name\": \"mongo-java-driver|sync|spring-boot\", \"version\": \"4.11.1\"}, \"os\": {\"type\": \"Windows\", \"name\": \"Windows 11\", \"architecture\": \"amd64\", \"version\": \"10.0\"}, \"platform\": \"Java/Amazon.com Inc./17.0.8.1+8-LTS\"} created with settings MongoClientSettings{readPreference=primary, writeConcern=WriteConcern{w=null, wTimeout=null ms, journal=null}, retryWrites=true, retryReads=true, readConcern=ReadConcern{level=null}, credential=MongoCredential{mechanism=null, userName='admin', source='admin', password=<hidden>, mechanismProperties=<hidden>}, transportSettings=null, streamFactoryFactory=null, commandListeners=[], codecRegistry=ProvidersCodecRegistry{codecProviders=[ValueCodecProvider{}, BsonValueCodecProvider{}, DBRefCodecProvider{}, DBObjectCodecProvider{}, DocumentCodecProvider{}, CollectionCodecProvider{}, IterableCodecProvider{}, MapCodecProvider{}, GeoJsonCodecProvider{}, GridFSFileCodecProvider{}, Jsr310CodecProvider{}, JsonObjectCodecProvider{}, BsonCodecProvider{}, EnumCodecProvider{}, com.mongodb.client.model.mql.ExpressionCodecProvider@747f6c5a, com.mongodb.Jep395RecordCodecProvider@66e341e9, com.mongodb.KotlinCodecProvider@5b48f0f4]}, loggerSettings=LoggerSettings{maxDocumentLength=1000}, clusterSettings={hosts=[114.204.182.71:25565], srvServiceName=mongodb, mode=SINGLE, requiredClusterType=UNKNOWN, requiredReplicaSetName='null', serverSelector='null', clusterListeners='[]', serverSelectionTimeout='30000 ms', localThreshold='15 ms'}, socketSettings=SocketSettings{connectTimeoutMS=10000, readTimeoutMS=0, receiveBufferSize=0, proxySettings=ProxySettings{host=null, port=null, username=null, password=null}}, heartbeatSocketSettings=SocketSettings{connectTimeoutMS=10000, readTimeoutMS=10000, receiveBufferSize=0, proxySettings=ProxySettings{host=null, port=null, username=null, password=null}}, connectionPoolSettings=ConnectionPoolSettings{maxSize=100, minSize=0, maxWaitTimeMS=120000, maxConnectionLifeTimeMS=0, maxConnectionIdleTimeMS=0, maintenanceInitialDelayMS=0, maintenanceFrequencyMS=60000, connectionPoolListeners=[], maxConnecting=2}, serverSettings=ServerSettings{heartbeatFrequencyMS=10000, minHeartbeatFrequencyMS=500, serverListeners='[]', serverMonitorListeners='[]'}, sslSettings=SslSettings{enabled=false, invalidHostNameAllowed=false, context=null}, applicationName='null', compressorList=[], uuidRepresentation=JAVA_LEGACY, serverApi=null, autoEncryptionSettings=null, dnsClient=null, inetAddressResolver=null, contextProvider=null}",
  "logger_name" : "org.mongodb.driver.client",
  "thread_name" : "main",
  "level" : "INFO",
  "level_value" : 20000
}
{
  "@timestamp" : "2024-02-07T19:59:32.655+09:00",
  "@version" : "1",
  "message" : "Monitor thread successfully connected to server with description ServerDescription{address=114.204.182.71:25565, type=STANDALONE, state=CONNECTED, ok=true, minWireVersion=0, maxWireVersion=21, maxDocumentSize=16777216, logicalSessionTimeoutMinutes=30, roundTripTimeNanos=11452800}",
  "logger_name" : "org.mongodb.driver.cluster",
  "thread_name" : "cluster-ClusterId{value='65c36294b0106d653477b7ad', description='null'}-114.204.182.71:25565",
  "level" : "INFO",
  "level_value" : 20000
}
{
  "@timestamp" : "2024-02-07T19:59:32.881+09:00",
  "@version" : "1",
  "message" : "\r\n\r\nUsing generated security password: e183b40e-a5c6-435f-94eb-f4eed510971e\r\n\r\nThis generated password is for development use only. Your security configuration must be updated before running your application in production.\r\n",
  "logger_name" : "org.springframework.boot.autoconfigure.security.servlet.UserDetailsServiceAutoConfiguration",
  "thread_name" : "main",
  "level" : "WARN",
  "level_value" : 30000
}
{
  "@timestamp" : "2024-02-07T19:59:33.000+09:00",
  "@version" : "1",
  "message" : "Will secure any request with [org.springframework.security.web.session.DisableEncodeUrlFilter@60844992, org.springframework.security.web.context.request.async.WebAsyncManagerIntegrationFilter@2ee456c7, org.springframework.security.web.context.SecurityContextHolderFilter@33430fc, org.springframework.security.web.header.HeaderWriterFilter@67a6a2d0, org.springframework.web.filter.CorsFilter@6df37f7a, org.springframework.security.web.authentication.logout.LogoutFilter@534d0e20, com.example.libraryreservation.jwt.JwtErrorFilter@39514976, com.example.libraryreservation.filter.QueryStringFilter@7bdb4f17, com.example.libraryreservation.jwt.JwtFilter@77856cc5, org.springframework.security.web.savedrequest.RequestCacheAwareFilter@22ae32ba, org.springframework.security.web.servletapi.SecurityContextHolderAwareRequestFilter@b8b2184, org.springframework.security.web.authentication.AnonymousAuthenticationFilter@1fbd5e0, org.springframework.security.web.session.SessionManagementFilter@523abba9, org.springframework.security.web.access.ExceptionTranslationFilter@1c8f71a7, org.springframework.security.web.access.intercept.AuthorizationFilter@61c5fd78]",
  "logger_name" : "org.springframework.security.web.DefaultSecurityFilterChain",
  "thread_name" : "main",
  "level" : "INFO",
  "level_value" : 20000
}
{
  "@timestamp" : "2024-02-07T19:59:33.095+09:00",
  "@version" : "1",
  "message" : "Starting ProtocolHandler [\"http-nio-8080\"]",
  "logger_name" : "org.apache.coyote.http11.Http11NioProtocol",
  "thread_name" : "main",
  "level" : "INFO",
  "level_value" : 20000
}
{
  "@timestamp" : "2024-02-07T19:59:33.107+09:00",
  "@version" : "1",
  "message" : "Tomcat started on port 8080 (http) with context path ''",
  "logger_name" : "org.springframework.boot.web.embedded.tomcat.TomcatWebServer",
  "thread_name" : "main",
  "level" : "INFO",
  "level_value" : 20000
}
{
  "@timestamp" : "2024-02-07T19:59:33.112+09:00",
  "@version" : "1",
  "message" : "Started LibraryReservationApplication in 1.474 seconds (process running for 2.044)",
  "logger_name" : "com.example.libraryreservation.LibraryReservationApplication",
  "thread_name" : "main",
  "level" : "INFO",
  "level_value" : 20000
}
{
  "@timestamp" : "2024-02-07T19:59:38.690+09:00",
  "@version" : "1",
  "message" : "Initializing Spring DispatcherServlet 'dispatcherServlet'",
  "logger_name" : "org.apache.catalina.core.ContainerBase.[Tomcat].[localhost].[/]",
  "thread_name" : "http-nio-8080-exec-1",
  "level" : "INFO",
  "level_value" : 20000
}
{
  "@timestamp" : "2024-02-07T19:59:38.691+09:00",
  "@version" : "1",
  "message" : "Initializing Servlet 'dispatcherServlet'",
  "logger_name" : "org.springframework.web.servlet.DispatcherServlet",
  "thread_name" : "http-nio-8080-exec-1",
  "level" : "INFO",
  "level_value" : 20000
}
{
  "@timestamp" : "2024-02-07T19:59:38.691+09:00",
  "@version" : "1",
  "message" : "Completed initialization in 0 ms",
  "logger_name" : "org.springframework.web.servlet.DispatcherServlet",
  "thread_name" : "http-nio-8080-exec-1",
  "level" : "INFO",
  "level_value" : 20000
}
{
  "@timestamp" : "2024-02-07T19:59:38.700+09:00",
  "@version" : "1",
  "message" : "Request",
  "logger_name" : "com.example.libraryreservation.interceptor.LoggingInterceptor",
  "thread_name" : "http-nio-8080-exec-1",
  "level" : "INFO",
  "level_value" : 20000,
  "Method" : "GET",
  "URI" : "/auth/test",
  "Headers" : "{content-length=139, postman-token=38ba194c-4f62-4e89-b748-65bcccf49b62, host=localhost:8080, content-type=application/json, connection=keep-alive, accept-encoding=gzip, deflate, br, user-agent=PostmanRuntime/7.36.1, accept=*/*}",
  "IP" : "0:0:0:0:0:0:0:1"
}
{
  "@timestamp" : "2024-02-07T19:59:38.704+09:00",
  "@version" : "1",
  "message" : "Request",
  "logger_name" : "com.example.libraryreservation.interceptor.LoggingInterceptor",
  "thread_name" : "http-nio-8080-exec-1",
  "level" : "INFO",
  "level_value" : 20000,
  "Method" : "GET",
  "URI" : "/auth/test",
  "Headers" : "{content-length=139, postman-token=38ba194c-4f62-4e89-b748-65bcccf49b62, host=localhost:8080, content-type=application/json, connection=keep-alive, accept-encoding=gzip, deflate, br, user-agent=PostmanRuntime/7.36.1, accept=*/*}",
  "IP" : "0:0:0:0:0:0:0:1"
}
{
  "@timestamp" : "2024-02-07T19:59:38.707+09:00",
  "@version" : "1",
  "message" : "Request",
  "logger_name" : "com.example.libraryreservation.interceptor.LoggingInterceptor",
  "thread_name" : "http-nio-8080-exec-1",
  "level" : "INFO",
  "level_value" : 20000,
  "Method" : "GET",
  "URI" : "/auth/test",
  "Headers" : "{content-length=139, postman-token=38ba194c-4f62-4e89-b748-65bcccf49b62, host=localhost:8080, content-type=application/json, connection=keep-alive, accept-encoding=gzip, deflate, br, user-agent=PostmanRuntime/7.36.1, accept=*/*}",
  "IP" : "0:0:0:0:0:0:0:1"
}
{
  "@timestamp" : "2024-02-07T19:59:38.720+09:00",
  "@version" : "1",
  "message" : "Response. Method: GET, URI: /auth/test, Status: 200",
  "logger_name" : "com.example.libraryreservation.interceptor.LoggingInterceptor",
  "thread_name" : "http-nio-8080-exec-1",
  "level" : "INFO",
  "level_value" : 20000,
  "Method" : "GET",
  "URI" : "/auth/test",
  "Headers" : "{content-length=139, postman-token=38ba194c-4f62-4e89-b748-65bcccf49b62, host=localhost:8080, content-type=application/json, connection=keep-alive, accept-encoding=gzip, deflate, br, user-agent=PostmanRuntime/7.36.1, accept=*/*}",
  "IP" : "0:0:0:0:0:0:0:1"
}
{
  "@timestamp" : "2024-02-07T19:59:53.069+09:00",
  "@version" : "1",
  "message" : "Request",
  "logger_name" : "com.example.libraryreservation.interceptor.LoggingInterceptor",
  "thread_name" : "http-nio-8080-exec-3",
  "level" : "INFO",
  "level_value" : 20000,
  "Method" : "GET",
  "URI" : "/auth/test",
  "Headers" : "{content-length=139, postman-token=deee26b0-9aec-4e65-82e5-094734b3f030, host=localhost:8080, content-type=application/json, connection=keep-alive, accept-encoding=gzip, deflate, br, user-agent=PostmanRuntime/7.36.1, accept=*/*}",
  "IP" : "0:0:0:0:0:0:0:1"
}
{
  "@timestamp" : "2024-02-07T19:59:53.069+09:00",
  "@version" : "1",
  "message" : "Request",
  "logger_name" : "com.example.libraryreservation.interceptor.LoggingInterceptor",
  "thread_name" : "http-nio-8080-exec-3",
  "level" : "INFO",
  "level_value" : 20000,
  "Method" : "GET",
  "URI" : "/auth/test",
  "Headers" : "{content-length=139, postman-token=deee26b0-9aec-4e65-82e5-094734b3f030, host=localhost:8080, content-type=application/json, connection=keep-alive, accept-encoding=gzip, deflate, br, user-agent=PostmanRuntime/7.36.1, accept=*/*}",
  "IP" : "0:0:0:0:0:0:0:1"
}
{
  "@timestamp" : "2024-02-07T19:59:53.069+09:00",
  "@version" : "1",
  "message" : "Request",
  "logger_name" : "com.example.libraryreservation.interceptor.LoggingInterceptor",
  "thread_name" : "http-nio-8080-exec-3",
  "level" : "INFO",
  "level_value" : 20000,
  "Method" : "GET",
  "URI" : "/auth/test",
  "Headers" : "{content-length=139, postman-token=deee26b0-9aec-4e65-82e5-094734b3f030, host=localhost:8080, content-type=application/json, connection=keep-alive, accept-encoding=gzip, deflate, br, user-agent=PostmanRuntime/7.36.1, accept=*/*}",
  "IP" : "0:0:0:0:0:0:0:1"
}
{
  "@timestamp" : "2024-02-07T19:59:53.070+09:00",
  "@version" : "1",
  "message" : "Response. Method: GET, URI: /auth/test, Status: 200",
  "logger_name" : "com.example.libraryreservation.interceptor.LoggingInterceptor",
  "thread_name" : "http-nio-8080-exec-3",
  "level" : "INFO",
  "level_value" : 20000,
  "Method" : "GET",
  "URI" : "/auth/test",
  "Headers" : "{content-length=139, postman-token=deee26b0-9aec-4e65-82e5-094734b3f030, host=localhost:8080, content-type=application/json, connection=keep-alive, accept-encoding=gzip, deflate, br, user-agent=PostmanRuntime/7.36.1, accept=*/*}",
  "IP" : "0:0:0:0:0:0:0:1"
}
